<?xml version="1.0" encoding="UTF-8"?>
<testsuite xmlns:xsi="http://www.w3.org/2001/XMLSchema-instance" xsi:noNamespaceSchemaLocation="https://maven.apache.org/surefire/maven-surefire-plugin/xsd/surefire-test-report.xsd" name="WeatherForecastTest" time="6.445" tests="5" errors="0" skipped="0" failures="4">
  <properties>
[...]
</properties>
  <testcase name="На GET запрос  погоды - получаем ожидаемые значения keys-values для города New York" classname="tests.WeatherForecastTest" time="3.131">
    <failure message="Multiple Failures (3 failures)&#10;	org.spockframework.runtime.SpockComparisonFailure: Condition not satisfied:&#10;&#10;weatherRequestByCity == expectedRequestValuesByCity&#10;|                    |  |&#10;null                 |  [type:City, query:New York, United States of America, language:en, unit:m]&#10;                     false&#10;&#10;	org.spockframework.runtime.SpockComparisonFailure: Condition not satisfied:&#10;&#10;weatherLocationByCity == expectedLocationValuesByCity&#10;|                     |  |&#10;null                  |  [name:New York, country:United States of America, region:New York, lat:40.714, lon:-74.006, timezone_id:America/New_York, localtime:2021-12-04 18:08, localtime_epoch:1638659280, utc_offset:-5.0]&#10;                      false&#10;&#10;	org.spockframework.runtime.SpockComparisonFailure: Condition not satisfied:&#10;&#10;weatherCurrentByCity == expectedCurrentValues&#10;|                    |  |&#10;null                 |  [observation_time:09:15 PM, temperature:5, weather_code:116, weather_icons:[https://assets.weatherstack.com/images/wsymbols01_png_64/wsymbol_0004_black_low_cloud.png], weather_descriptions:[Partly cloudy], wind_speed:24, wind_degree:260, wind_dir:W, pressure:998, precip:0, humidity:75, cloudcover:75, feelslike:1, uv_index:1, visibility:10, is_day:no]&#10;                     false&#10;" type="org.opentest4j.MultipleFailuresError">org.opentest4j.MultipleFailuresError: 
Multiple Failures (3 failures)
	org.spockframework.runtime.SpockComparisonFailure: Condition not satisfied:

weatherRequestByCity == expectedRequestValuesByCity
|                    |  |
null                 |  [type:City, query:New York, United States of America, language:en, unit:m]
                     false

	org.spockframework.runtime.SpockComparisonFailure: Condition not satisfied:

weatherLocationByCity == expectedLocationValuesByCity
|                     |  |
null                  |  [name:New York, country:United States of America, region:New York, lat:40.714, lon:-74.006, timezone_id:America/New_York, localtime:2021-12-04 18:08, localtime_epoch:1638659280, utc_offset:-5.0]
                      false

	org.spockframework.runtime.SpockComparisonFailure: Condition not satisfied:

weatherCurrentByCity == expectedCurrentValues
|                    |  |
null                 |  [observation_time:09:15 PM, temperature:5, weather_code:116, weather_icons:[https://assets.weatherstack.com/images/wsymbols01_png_64/wsymbol_0004_black_low_cloud.png], weather_descriptions:[Partly cloudy], wind_speed:24, wind_degree:260, wind_dir:W, pressure:998, precip:0, humidity:75, cloudcover:75, feelslike:1, uv_index:1, visibility:10, is_day:no]
                     false

</failure>
    <system-out><![CDATA[Request URI:	http://api.weatherstack.com/current?access_key=f404644097a980ee6ad310f34e2cb65d&query=New%20York
Request URI:	http://api.weatherstack.com/current?access_key=f404644097a980ee6ad310f34e2cb65d&query=New%20York
Request URI:	http://api.weatherstack.com/current?access_key=f404644097a980ee6ad310f34e2cb65d&query=New%20York
2021-12-04 18:08
]]></system-out>
  </testcase>
  <testcase name="На GET запрос  погоды - получаем ожидаемые значения keys-values для города Moscow" classname="tests.WeatherForecastTest" time="1.026">
    <failure message="Multiple Failures (3 failures)&#10;	org.spockframework.runtime.SpockComparisonFailure: Condition not satisfied:&#10;&#10;weatherRequestByCity == expectedRequestValuesByCity&#10;|                    |  |&#10;null                 |  [type:City, query:Moscow, Russia, language:en, unit:m]&#10;                     false&#10;&#10;	org.spockframework.runtime.SpockComparisonFailure: Condition not satisfied:&#10;&#10;weatherLocationByCity == expectedLocationValuesByCity&#10;|                     |  |&#10;null                  |  [name:Moscow, country:Russia, region:Moscow City, lat:55.752, lon:37.616, timezone_id:Europe/Moscow, localtime:2021-12-05 02:08, localtime_epoch:1638659281, utc_offset:3.0]&#10;                      false&#10;&#10;	org.spockframework.runtime.SpockComparisonFailure: Condition not satisfied:&#10;&#10;weatherCurrentByCity == expectedCurrentValues&#10;|                    |  |&#10;null                 |  [observation_time:09:15 PM, temperature:5, weather_code:116, weather_icons:[https://assets.weatherstack.com/images/wsymbols01_png_64/wsymbol_0004_black_low_cloud.png], weather_descriptions:[Partly cloudy], wind_speed:24, wind_degree:260, wind_dir:W, pressure:998, precip:0, humidity:75, cloudcover:75, feelslike:1, uv_index:1, visibility:10, is_day:no]&#10;                     false&#10;" type="org.opentest4j.MultipleFailuresError">org.opentest4j.MultipleFailuresError: 
Multiple Failures (3 failures)
	org.spockframework.runtime.SpockComparisonFailure: Condition not satisfied:

weatherRequestByCity == expectedRequestValuesByCity
|                    |  |
null                 |  [type:City, query:Moscow, Russia, language:en, unit:m]
                     false

	org.spockframework.runtime.SpockComparisonFailure: Condition not satisfied:

weatherLocationByCity == expectedLocationValuesByCity
|                     |  |
null                  |  [name:Moscow, country:Russia, region:Moscow City, lat:55.752, lon:37.616, timezone_id:Europe/Moscow, localtime:2021-12-05 02:08, localtime_epoch:1638659281, utc_offset:3.0]
                      false

	org.spockframework.runtime.SpockComparisonFailure: Condition not satisfied:

weatherCurrentByCity == expectedCurrentValues
|                    |  |
null                 |  [observation_time:09:15 PM, temperature:5, weather_code:116, weather_icons:[https://assets.weatherstack.com/images/wsymbols01_png_64/wsymbol_0004_black_low_cloud.png], weather_descriptions:[Partly cloudy], wind_speed:24, wind_degree:260, wind_dir:W, pressure:998, precip:0, humidity:75, cloudcover:75, feelslike:1, uv_index:1, visibility:10, is_day:no]
                     false

</failure>
    <system-out><![CDATA[Request URI:	http://api.weatherstack.com/current?access_key=f404644097a980ee6ad310f34e2cb65d&query=Moscow
Request URI:	http://api.weatherstack.com/current?access_key=f404644097a980ee6ad310f34e2cb65d&query=Moscow
Request URI:	http://api.weatherstack.com/current?access_key=f404644097a980ee6ad310f34e2cb65d&query=Moscow
2021-12-05 02:08
]]></system-out>
  </testcase>
  <testcase name="На GET запрос  погоды - получаем ожидаемые значения keys-values для города London" classname="tests.WeatherForecastTest" time="1.005">
    <failure message="Multiple Failures (3 failures)&#10;	org.spockframework.runtime.SpockComparisonFailure: Condition not satisfied:&#10;&#10;weatherRequestByCity == expectedRequestValuesByCity&#10;|                    |  |&#10;null                 |  [type:City, query:London, United Kingdom, language:en, unit:m]&#10;                     false&#10;&#10;	org.spockframework.runtime.SpockComparisonFailure: Condition not satisfied:&#10;&#10;weatherLocationByCity == expectedLocationValuesByCity&#10;|                     |  |&#10;null                  |  [name:London, country:United Kingdom, region:City of London, Greater London, lat:51.517, lon:-0.106, timezone_id:Europe/London, localtime:2021-12-04 23:08, localtime_epoch:1638659282, utc_offset:0.0]&#10;                      false&#10;&#10;	org.spockframework.runtime.SpockComparisonFailure: Condition not satisfied:&#10;&#10;weatherCurrentByCity == expectedCurrentValues&#10;|                    |  |&#10;null                 |  [observation_time:09:15 PM, temperature:5, weather_code:116, weather_icons:[https://assets.weatherstack.com/images/wsymbols01_png_64/wsymbol_0004_black_low_cloud.png], weather_descriptions:[Partly cloudy], wind_speed:24, wind_degree:260, wind_dir:W, pressure:998, precip:0, humidity:75, cloudcover:75, feelslike:1, uv_index:1, visibility:10, is_day:no]&#10;                     false&#10;" type="org.opentest4j.MultipleFailuresError">org.opentest4j.MultipleFailuresError: 
Multiple Failures (3 failures)
	org.spockframework.runtime.SpockComparisonFailure: Condition not satisfied:

weatherRequestByCity == expectedRequestValuesByCity
|                    |  |
null                 |  [type:City, query:London, United Kingdom, language:en, unit:m]
                     false

	org.spockframework.runtime.SpockComparisonFailure: Condition not satisfied:

weatherLocationByCity == expectedLocationValuesByCity
|                     |  |
null                  |  [name:London, country:United Kingdom, region:City of London, Greater London, lat:51.517, lon:-0.106, timezone_id:Europe/London, localtime:2021-12-04 23:08, localtime_epoch:1638659282, utc_offset:0.0]
                      false

	org.spockframework.runtime.SpockComparisonFailure: Condition not satisfied:

weatherCurrentByCity == expectedCurrentValues
|                    |  |
null                 |  [observation_time:09:15 PM, temperature:5, weather_code:116, weather_icons:[https://assets.weatherstack.com/images/wsymbols01_png_64/wsymbol_0004_black_low_cloud.png], weather_descriptions:[Partly cloudy], wind_speed:24, wind_degree:260, wind_dir:W, pressure:998, precip:0, humidity:75, cloudcover:75, feelslike:1, uv_index:1, visibility:10, is_day:no]
                     false

</failure>
    <system-out><![CDATA[Request URI:	http://api.weatherstack.com/current?access_key=f404644097a980ee6ad310f34e2cb65d&query=London
Request URI:	http://api.weatherstack.com/current?access_key=f404644097a980ee6ad310f34e2cb65d&query=London
Request URI:	http://api.weatherstack.com/current?access_key=f404644097a980ee6ad310f34e2cb65d&query=London
2021-12-04 23:08
]]></system-out>
  </testcase>
  <testcase name="На GET запрос  погоды - получаем ожидаемые значения keys-values для города Abu Dabi" classname="tests.WeatherForecastTest" time="0.884">
    <failure message="Multiple Failures (3 failures)&#10;	org.spockframework.runtime.SpockComparisonFailure: Condition not satisfied:&#10;&#10;weatherRequestByCity == expectedRequestValuesByCity&#10;|                    |  |&#10;null                 |  [type:City, query:Abu Dabi, United Arab Emirates, language:en, unit:m]&#10;                     false&#10;&#10;	org.spockframework.runtime.SpockComparisonFailure: Condition not satisfied:&#10;&#10;weatherLocationByCity == expectedLocationValuesByCity&#10;|                     |  |&#10;null                  |  [name:Abu Dabi, country:United Arab Emirates, region:Abu Dhabi, lat:24.467, lon:54.367, timezone_id:Asia/Dubai, localtime:2021-12-05 03:08, localtime_epoch:1638659283, utc_offset:4.0]&#10;                      false&#10;&#10;	org.spockframework.runtime.SpockComparisonFailure: Condition not satisfied:&#10;&#10;weatherCurrentByCity == expectedCurrentValues&#10;|                    |  |&#10;null                 |  [observation_time:09:15 PM, temperature:5, weather_code:116, weather_icons:[https://assets.weatherstack.com/images/wsymbols01_png_64/wsymbol_0004_black_low_cloud.png], weather_descriptions:[Partly cloudy], wind_speed:24, wind_degree:260, wind_dir:W, pressure:998, precip:0, humidity:75, cloudcover:75, feelslike:1, uv_index:1, visibility:10, is_day:no]&#10;                     false&#10;" type="org.opentest4j.MultipleFailuresError">org.opentest4j.MultipleFailuresError: 
Multiple Failures (3 failures)
	org.spockframework.runtime.SpockComparisonFailure: Condition not satisfied:

weatherRequestByCity == expectedRequestValuesByCity
|                    |  |
null                 |  [type:City, query:Abu Dabi, United Arab Emirates, language:en, unit:m]
                     false

	org.spockframework.runtime.SpockComparisonFailure: Condition not satisfied:

weatherLocationByCity == expectedLocationValuesByCity
|                     |  |
null                  |  [name:Abu Dabi, country:United Arab Emirates, region:Abu Dhabi, lat:24.467, lon:54.367, timezone_id:Asia/Dubai, localtime:2021-12-05 03:08, localtime_epoch:1638659283, utc_offset:4.0]
                      false

	org.spockframework.runtime.SpockComparisonFailure: Condition not satisfied:

weatherCurrentByCity == expectedCurrentValues
|                    |  |
null                 |  [observation_time:09:15 PM, temperature:5, weather_code:116, weather_icons:[https://assets.weatherstack.com/images/wsymbols01_png_64/wsymbol_0004_black_low_cloud.png], weather_descriptions:[Partly cloudy], wind_speed:24, wind_degree:260, wind_dir:W, pressure:998, precip:0, humidity:75, cloudcover:75, feelslike:1, uv_index:1, visibility:10, is_day:no]
                     false

</failure>
    <system-out><![CDATA[Request URI:	http://api.weatherstack.com/current?access_key=f404644097a980ee6ad310f34e2cb65d&query=Abu%20Dabi
Request URI:	http://api.weatherstack.com/current?access_key=f404644097a980ee6ad310f34e2cb65d&query=Abu%20Dabi
Request URI:	http://api.weatherstack.com/current?access_key=f404644097a980ee6ad310f34e2cb65d&query=Abu%20Dabi
2021-12-05 03:08
]]></system-out>
  </testcase>
  <testcase name="На GET запрос  погоды - получаем ожидаемые значения keys-values для города #city" classname="tests.WeatherForecastTest" time="0.885"/>
</testsuite>