-------------------------------------------------------------------------------
Test set: WeatherForecastTest
-------------------------------------------------------------------------------
Tests run: 5, Failures: 4, Errors: 0, Skipped: 0, Time elapsed: 6.445 s <<< FAILURE! - in WeatherForecastTest
На GET запрос  погоды - получаем ожидаемые значения keys-values для города New York  Time elapsed: 3.131 s  <<< FAILURE!
org.opentest4j.MultipleFailuresError: 
Multiple Failures (3 failures)
	org.spockframework.runtime.SpockComparisonFailure: Condition not satisfied:

weatherRequestByCity == expectedRequestValuesByCity
|                    |  |
null                 |  [type:City, query:New York, United States of America, language:en, unit:m]
                     false

	org.spockframework.runtime.SpockComparisonFailure: Condition not satisfied:

weatherLocationByCity == expectedLocationValuesByCity
|                     |  |
null                  |  [name:New York, country:United States of America, region:New York, lat:40.714, lon:-74.006, timezone_id:America/New_York, localtime:2021-12-04 18:08, localtime_epoch:1638659280, utc_offset:-5.0]
                      false

	org.spockframework.runtime.SpockComparisonFailure: Condition not satisfied:

weatherCurrentByCity == expectedCurrentValues
|                    |  |
null                 |  [observation_time:09:15 PM, temperature:5, weather_code:116, weather_icons:[https://assets.weatherstack.com/images/wsymbols01_png_64/wsymbol_0004_black_low_cloud.png], weather_descriptions:[Partly cloudy], wind_speed:24, wind_degree:260, wind_dir:W, pressure:998, precip:0, humidity:75, cloudcover:75, feelslike:1, uv_index:1, visibility:10, is_day:no]
                     false


На GET запрос  погоды - получаем ожидаемые значения keys-values для города Moscow  Time elapsed: 1.026 s  <<< FAILURE!
org.opentest4j.MultipleFailuresError: 
Multiple Failures (3 failures)
	org.spockframework.runtime.SpockComparisonFailure: Condition not satisfied:

weatherRequestByCity == expectedRequestValuesByCity
|                    |  |
null                 |  [type:City, query:Moscow, Russia, language:en, unit:m]
                     false

	org.spockframework.runtime.SpockComparisonFailure: Condition not satisfied:

weatherLocationByCity == expectedLocationValuesByCity
|                     |  |
null                  |  [name:Moscow, country:Russia, region:Moscow City, lat:55.752, lon:37.616, timezone_id:Europe/Moscow, localtime:2021-12-05 02:08, localtime_epoch:1638659281, utc_offset:3.0]
                      false

	org.spockframework.runtime.SpockComparisonFailure: Condition not satisfied:

weatherCurrentByCity == expectedCurrentValues
|                    |  |
null                 |  [observation_time:09:15 PM, temperature:5, weather_code:116, weather_icons:[https://assets.weatherstack.com/images/wsymbols01_png_64/wsymbol_0004_black_low_cloud.png], weather_descriptions:[Partly cloudy], wind_speed:24, wind_degree:260, wind_dir:W, pressure:998, precip:0, humidity:75, cloudcover:75, feelslike:1, uv_index:1, visibility:10, is_day:no]
                     false


На GET запрос  погоды - получаем ожидаемые значения keys-values для города London  Time elapsed: 1.005 s  <<< FAILURE!
org.opentest4j.MultipleFailuresError: 
Multiple Failures (3 failures)
	org.spockframework.runtime.SpockComparisonFailure: Condition not satisfied:

weatherRequestByCity == expectedRequestValuesByCity
|                    |  |
null                 |  [type:City, query:London, United Kingdom, language:en, unit:m]
                     false

	org.spockframework.runtime.SpockComparisonFailure: Condition not satisfied:

weatherLocationByCity == expectedLocationValuesByCity
|                     |  |
null                  |  [name:London, country:United Kingdom, region:City of London, Greater London, lat:51.517, lon:-0.106, timezone_id:Europe/London, localtime:2021-12-04 23:08, localtime_epoch:1638659282, utc_offset:0.0]
                      false

	org.spockframework.runtime.SpockComparisonFailure: Condition not satisfied:

weatherCurrentByCity == expectedCurrentValues
|                    |  |
null                 |  [observation_time:09:15 PM, temperature:5, weather_code:116, weather_icons:[https://assets.weatherstack.com/images/wsymbols01_png_64/wsymbol_0004_black_low_cloud.png], weather_descriptions:[Partly cloudy], wind_speed:24, wind_degree:260, wind_dir:W, pressure:998, precip:0, humidity:75, cloudcover:75, feelslike:1, uv_index:1, visibility:10, is_day:no]
                     false


На GET запрос  погоды - получаем ожидаемые значения keys-values для города Abu Dabi  Time elapsed: 0.884 s  <<< FAILURE!
org.opentest4j.MultipleFailuresError: 
Multiple Failures (3 failures)
	org.spockframework.runtime.SpockComparisonFailure: Condition not satisfied:

weatherRequestByCity == expectedRequestValuesByCity
|                    |  |
null                 |  [type:City, query:Abu Dabi, United Arab Emirates, language:en, unit:m]
                     false

	org.spockframework.runtime.SpockComparisonFailure: Condition not satisfied:

weatherLocationByCity == expectedLocationValuesByCity
|                     |  |
null                  |  [name:Abu Dabi, country:United Arab Emirates, region:Abu Dhabi, lat:24.467, lon:54.367, timezone_id:Asia/Dubai, localtime:2021-12-05 03:08, localtime_epoch:1638659283, utc_offset:4.0]
                      false

	org.spockframework.runtime.SpockComparisonFailure: Condition not satisfied:

weatherCurrentByCity == expectedCurrentValues
|                    |  |
null                 |  [observation_time:09:15 PM, temperature:5, weather_code:116, weather_icons:[https://assets.weatherstack.com/images/wsymbols01_png_64/wsymbol_0004_black_low_cloud.png], weather_descriptions:[Partly cloudy], wind_speed:24, wind_degree:260, wind_dir:W, pressure:998, precip:0, humidity:75, cloudcover:75, feelslike:1, uv_index:1, visibility:10, is_day:no]
                     false


